Start testing: Jun 28 10:24 MSK
----------------------------------------------------------
1/1 Testing: test_foo
1/1 Test: test_foo
Command: "/home/vboxuser/timp/build/test_foo"
Directory: /home/vboxuser/timp/build
"test_foo" start time: Jun 28 10:24 MSK
Output:
----------------------------------------------------------
[==========] Running 1 test from 1 test suite.
[----------] Global test environment set-up.
[----------] 1 test from FooTest
[ RUN      ] FooTest.ReturnsCorrectValue
[       OK ] FooTest.ReturnsCorrectValue (0 ms)
[----------] 1 test from FooTest (0 ms total)

[----------] Global test environment tear-down
[==========] 1 test from 1 test suite ran. (0 ms total)
[  PASSED  ] 1 test.
<end of output>
Test time =   0.00 sec
----------------------------------------------------------
Test Passed.
"test_foo" end time: Jun 28 10:24 MSK
"test_foo" time elapsed: 00:00:00
----------------------------------------------------------

End testing: Jun 28 10:24 MSK
